<?xml version="1.0" encoding="UTF-8"?>
<!-- Generated by org.testng.reporters.JUnitReportReporter -->
<testsuite skipped="0" hostname="Sandeeps-MacBook-Air.local" name="com.expedia.flightsbooking.TestNG_TestSuite" tests="1" failures="0" timestamp="18 Nov 2018 00:33:57 GMT" time="6.214" errors="0">
  <testcase name="fillBasicInfo" time="6.214" classname="com.expedia.flightsbooking.TestNG_TestSuite"/>
</testsuite> <!-- com.expedia.flightsbooking.TestNG_TestSuite -->
